app/build/intermediates/manifest_merge_blame_file/debug/manifest-merger-blame-debug-report.txt
1<?xml version="1.0" encoding="utf-8"?>
2<manifest xmlns:android="http://schemas.android.com/apk/res/android"
3    package="com.example.teach_me"
4    android:versionCode="1"
5    android:versionName="1.0" >
6
7    <uses-sdk
8        android:minSdkVersion="21"
8-->src\main\AndroidManifest.xml
9        android:targetSdkVersion="29" />
9-->src\main\AndroidManifest.xml
10
11    <!-- Permissões do aplicativo -->
12    <uses-permission android:name="android.permission.INTERNET" />
12-->src\main\AndroidManifest.xml:6:5-67
12-->src\main\AndroidManifest.xml:6:22-64
13    <uses-permission android:name="android.permission.READ_EXTERNAL_STORAGE" />
13-->src\main\AndroidManifest.xml:7:5-79
13-->src\main\AndroidManifest.xml:7:22-77
14    <uses-permission android:name="android.permission.READ_INTERNAL_STORAGE" />
14-->src\main\AndroidManifest.xml:8:5-79
14-->src\main\AndroidManifest.xml:8:22-77
15
16    <application
16-->src\main\AndroidManifest.xml:10:5-62:19
17        android:allowBackup="true"
17-->src\main\AndroidManifest.xml:11:9-35
18        android:appComponentFactory="androidx.core.app.CoreComponentFactory"
18-->[androidx.core:core:1.3.1] AndroidManifest.xml:24:18-86
19        android:debuggable="true"
20        android:icon="@mipmap/ic_launcher"
20-->src\main\AndroidManifest.xml:12:9-43
21        android:label="@string/app_name"
21-->src\main\AndroidManifest.xml:13:9-41
22        android:roundIcon="@mipmap/ic_launcher_round"
22-->src\main\AndroidManifest.xml:14:9-54
23        android:supportsRtl="true"
23-->src\main\AndroidManifest.xml:15:9-35
24        android:testOnly="true"
25        android:theme="@style/AppTheme" >
25-->src\main\AndroidManifest.xml:16:9-40
26        <activity
26-->src\main\AndroidManifest.xml:18:9-25:20
27            android:name="com.example.teach_me.view.MainActivity"
27-->src\main\AndroidManifest.xml:19:13-46
28            android:label="@string/app_name" >
28-->src\main\AndroidManifest.xml:20:13-45
29            <intent-filter>
29-->src\main\AndroidManifest.xml:21:13-24:29
30                <action android:name="android.intent.action.MAIN" />
30-->src\main\AndroidManifest.xml:22:17-69
30-->src\main\AndroidManifest.xml:22:25-66
31
32                <category android:name="android.intent.category.LAUNCHER" />
32-->src\main\AndroidManifest.xml:23:17-77
32-->src\main\AndroidManifest.xml:23:27-74
33            </intent-filter>
34        </activity>
35        <activity
35-->src\main\AndroidManifest.xml:27:9-30:20
36            android:name="com.example.teach_me.view.LoginActivity"
36-->src\main\AndroidManifest.xml:28:13-47
37            android:theme="@style/Theme.AppCompat.NoActionBar" >
37-->src\main\AndroidManifest.xml:29:13-63
38        </activity>
39        <activity
39-->src\main\AndroidManifest.xml:32:9-35:20
40            android:name="com.theartofdev.edmodo.cropper.CropImageActivity"
40-->src\main\AndroidManifest.xml:33:13-76
41            android:theme="@style/Theme.AppCompat.Light.NoActionBar" >
41-->src\main\AndroidManifest.xml:34:13-69
42        </activity>
43        <activity
43-->src\main\AndroidManifest.xml:37:9-40:20
44            android:name="com.example.teach_me.view.ImagemPerfilActivity"
44-->src\main\AndroidManifest.xml:38:13-54
45            android:theme="@style/Theme.AppCompat.NoActionBar" >
45-->src\main\AndroidManifest.xml:39:13-63
46        </activity>
47        <activity
47-->src\main\AndroidManifest.xml:42:9-45:20
48            android:name="com.example.teach_me.view.RegistroActivity"
48-->src\main\AndroidManifest.xml:43:13-50
49            android:theme="@style/Theme.AppCompat.NoActionBar" >
49-->src\main\AndroidManifest.xml:44:13-63
50        </activity>
51        <activity
51-->src\main\AndroidManifest.xml:47:9-50:20
52            android:name="com.example.teach_me.view.NovoAnuncioActivity"
52-->src\main\AndroidManifest.xml:48:13-53
53            android:theme="@style/Theme.AppCompat.NoActionBar" >
53-->src\main\AndroidManifest.xml:49:13-63
54        </activity>
55        <activity android:name="com.example.teach_me.view.ResultadosActivity" />
55-->src\main\AndroidManifest.xml:52:9-61
55-->src\main\AndroidManifest.xml:52:19-58
56        <activity
56-->src\main\AndroidManifest.xml:54:9-57:20
57            android:name="com.example.teach_me.view.PerfilActivity"
57-->src\main\AndroidManifest.xml:55:13-48
58            android:theme="@style/Theme.AppCompat.Light.NoActionBar" >
58-->src\main\AndroidManifest.xml:56:13-69
59        </activity>
60
61        <meta-data
61-->src\main\AndroidManifest.xml:59:9-61:57
62            android:name="preloaded_fonts"
62-->src\main\AndroidManifest.xml:60:13-43
63            android:resource="@array/preloaded_fonts" />
63-->src\main\AndroidManifest.xml:61:13-54
64
65        <activity
65-->[com.google.android.gms:play-services-auth:19.0.0] AndroidManifest.xml:23:9-27:75
66            android:name="com.google.android.gms.auth.api.signin.internal.SignInHubActivity"
66-->[com.google.android.gms:play-services-auth:19.0.0] AndroidManifest.xml:24:13-93
67            android:excludeFromRecents="true"
67-->[com.google.android.gms:play-services-auth:19.0.0] AndroidManifest.xml:25:13-46
68            android:exported="false"
68-->[com.google.android.gms:play-services-auth:19.0.0] AndroidManifest.xml:26:13-37
69            android:theme="@android:style/Theme.Translucent.NoTitleBar" />
69-->[com.google.android.gms:play-services-auth:19.0.0] AndroidManifest.xml:27:13-72
70        <!--
71            Service handling Google Sign-In user revocation. For apps that do not integrate with
72            Google Sign-In, this service will never be started.
73        -->
74        <service
74-->[com.google.android.gms:play-services-auth:19.0.0] AndroidManifest.xml:33:9-37:51
75            android:name="com.google.android.gms.auth.api.signin.RevocationBoundService"
75-->[com.google.android.gms:play-services-auth:19.0.0] AndroidManifest.xml:34:13-89
76            android:exported="true"
76-->[com.google.android.gms:play-services-auth:19.0.0] AndroidManifest.xml:35:13-36
77            android:permission="com.google.android.gms.auth.api.signin.permission.REVOCATION_NOTIFICATION"
77-->[com.google.android.gms:play-services-auth:19.0.0] AndroidManifest.xml:36:13-107
78            android:visibleToInstantApps="true" />
78-->[com.google.android.gms:play-services-auth:19.0.0] AndroidManifest.xml:37:13-48
79
80        <provider
80-->[com.squareup.picasso:picasso:2.71828] AndroidManifest.xml:8:9-11:40
81            android:name="com.squareup.picasso.PicassoProvider"
81-->[com.squareup.picasso:picasso:2.71828] AndroidManifest.xml:9:13-64
82            android:authorities="com.example.teach_me.com.squareup.picasso"
82-->[com.squareup.picasso:picasso:2.71828] AndroidManifest.xml:10:13-72
83            android:exported="false" />
83-->[com.squareup.picasso:picasso:2.71828] AndroidManifest.xml:11:13-37
84
85        <activity
85-->[com.google.android.gms:play-services-base:17.1.0] AndroidManifest.xml:23:9-26:75
86            android:name="com.google.android.gms.common.api.GoogleApiActivity"
86-->[com.google.android.gms:play-services-base:17.1.0] AndroidManifest.xml:24:13-79
87            android:exported="false"
87-->[com.google.android.gms:play-services-base:17.1.0] AndroidManifest.xml:25:13-37
88            android:theme="@android:style/Theme.Translucent.NoTitleBar" />
88-->[com.google.android.gms:play-services-base:17.1.0] AndroidManifest.xml:26:13-72
89
90        <meta-data
90-->[com.google.android.gms:play-services-basement:17.1.1] AndroidManifest.xml:23:9-25:69
91            android:name="com.google.android.gms.version"
91-->[com.google.android.gms:play-services-basement:17.1.1] AndroidManifest.xml:24:13-58
92            android:value="@integer/google_play_services_version" />
92-->[com.google.android.gms:play-services-basement:17.1.1] AndroidManifest.xml:25:13-66
93
94        <provider
94-->[androidx.lifecycle:lifecycle-process:2.2.0] AndroidManifest.xml:25:9-29:43
95            android:name="androidx.lifecycle.ProcessLifecycleOwnerInitializer"
95-->[androidx.lifecycle:lifecycle-process:2.2.0] AndroidManifest.xml:26:13-79
96            android:authorities="com.example.teach_me.lifecycle-process"
96-->[androidx.lifecycle:lifecycle-process:2.2.0] AndroidManifest.xml:27:13-69
97            android:exported="false"
97-->[androidx.lifecycle:lifecycle-process:2.2.0] AndroidManifest.xml:28:13-37
98            android:multiprocess="true" />
98-->[androidx.lifecycle:lifecycle-process:2.2.0] AndroidManifest.xml:29:13-40
99    </application>
100
101</manifest>